{"uuid":"89056dc3-35f2-40f9-9b41-98517b5c47cf","historyId":"c05aab72a9c254bbe2eb9dbaa506c95a","fullName":"src/test/java/Featurefile/cart.feature:2","labels":[{"name":"host","value":"INLEN8520069202"},{"name":"thread","value":"31200@INLEN8520069202.main(1)"},{"name":"feature","value":"Continue shopping and navigate to home page"},{"name":"story","value":"user is able to navigate to cart page and click on continue shopping button and validate user can navigate back to home page"},{"name":"suite","value":"Continue shopping and navigate to home page"},{"name":"testClass","value":"user is able to navigate to cart page and click on continue shopping button and validate user can navigate back to home page"},{"name":"framework","value":"cucumber4jvm"},{"name":"language","value":"java"},{"name":"gherkin_uri","value":"file:///C:/Users/NP16/eclipse-workspace/SauceDemo/src/test/java/Featurefile/cart.feature"},{"name":"package","value":"src.test.java.Featurefile.cart_feature.Continue shopping and navigate to home page"}],"links":[],"name":"user is able to navigate to cart page and click on continue shopping button and validate user can navigate back to home page","status":"broken","statusDetails":{"known":false,"muted":false,"flaky":false,"message":"Unable to find element with locator By.linkText: add-to-cart-sauce-labs-bolt-t-shirt\nFor documentation on this error, please visit: https://www.selenium.dev/documentation/webdriver/troubleshooting/errors#no-such-element-exception\nBuild info: version: '4.12.1', revision: '8e34639b11'\nSystem info: os.name: 'Windows 11', os.arch: 'amd64', os.version: '10.0', java.version: '17.0.5'\nDriver info: driver.version: RemoteWebDriver","trace":"org.openqa.selenium.NoSuchElementException: Unable to find element with locator By.linkText: add-to-cart-sauce-labs-bolt-t-shirt\nFor documentation on this error, please visit: https://www.selenium.dev/documentation/webdriver/troubleshooting/errors#no-such-element-exception\nBuild info: version: '4.12.1', revision: '8e34639b11'\nSystem info: os.name: 'Windows 11', os.arch: 'amd64', os.version: '10.0', java.version: '17.0.5'\nDriver info: driver.version: RemoteWebDriver\r\n\tat org.openqa.selenium.remote.ElementLocation$ElementFinder$2.findElement(ElementLocation.java:168)\r\n\tat org.openqa.selenium.remote.ElementLocation.findElement(ElementLocation.java:59)\r\n\tat org.openqa.selenium.remote.RemoteWebDriver.findElement(RemoteWebDriver.java:359)\r\n\tat org.openqa.selenium.remote.RemoteWebDriver.findElement(RemoteWebDriver.java:353)\r\n\tat stepdefinition.cart1.user_should_view_the_selected_items_in_the_cart_and_displayed_in_home_page(cart1.java:68)\r\n\tat ✽.user should view the selected items in the cart and displayed in home page(file:///C:/Users/NP16/eclipse-workspace/SauceDemo/src/test/java/Featurefile/cart.feature:10)\r\n"},"stage":"finished","steps":[{"name":"Given  user should on the login page","status":"passed","statusDetails":{"known":false,"muted":false,"flaky":false},"stage":"finished","steps":[],"attachments":[],"parameters":[],"start":1705919552022,"stop":1705919558343},{"name":"When  user shouldenters the username","status":"passed","statusDetails":{"known":false,"muted":false,"flaky":false},"stage":"finished","steps":[],"attachments":[],"parameters":[],"start":1705919558345,"stop":1705919559268},{"name":"And  user should enters the password","status":"passed","statusDetails":{"known":false,"muted":false,"flaky":false},"stage":"finished","steps":[],"attachments":[],"parameters":[],"start":1705919559270,"stop":1705919559452},{"name":"And  user shouldclicks the login button","status":"passed","statusDetails":{"known":false,"muted":false,"flaky":false},"stage":"finished","steps":[],"attachments":[],"parameters":[],"start":1705919559453,"stop":1705919559656},{"name":"And  user should add last product to the cart","status":"passed","statusDetails":{"known":false,"muted":false,"flaky":false},"stage":"finished","steps":[],"attachments":[],"parameters":[],"start":1705919559657,"stop":1705919559759},{"name":"And  user is on displayed with cart page","status":"passed","statusDetails":{"known":false,"muted":false,"flaky":false},"stage":"finished","steps":[],"attachments":[],"parameters":[],"start":1705919559760,"stop":1705919559862},{"name":"And  user should view the selected items in the cart and displayed in home page","status":"broken","statusDetails":{"known":false,"muted":false,"flaky":false,"message":"Unable to find element with locator By.linkText: add-to-cart-sauce-labs-bolt-t-shirt\nFor documentation on this error, please visit: https://www.selenium.dev/documentation/webdriver/troubleshooting/errors#no-such-element-exception\nBuild info: version: '4.12.1', revision: '8e34639b11'\nSystem info: os.name: 'Windows 11', os.arch: 'amd64', os.version: '10.0', java.version: '17.0.5'\nDriver info: driver.version: RemoteWebDriver","trace":"org.openqa.selenium.NoSuchElementException: Unable to find element with locator By.linkText: add-to-cart-sauce-labs-bolt-t-shirt\nFor documentation on this error, please visit: https://www.selenium.dev/documentation/webdriver/troubleshooting/errors#no-such-element-exception\nBuild info: version: '4.12.1', revision: '8e34639b11'\nSystem info: os.name: 'Windows 11', os.arch: 'amd64', os.version: '10.0', java.version: '17.0.5'\nDriver info: driver.version: RemoteWebDriver\r\n\tat org.openqa.selenium.remote.ElementLocation$ElementFinder$2.findElement(ElementLocation.java:168)\r\n\tat org.openqa.selenium.remote.ElementLocation.findElement(ElementLocation.java:59)\r\n\tat org.openqa.selenium.remote.RemoteWebDriver.findElement(RemoteWebDriver.java:359)\r\n\tat org.openqa.selenium.remote.RemoteWebDriver.findElement(RemoteWebDriver.java:353)\r\n\tat stepdefinition.cart1.user_should_view_the_selected_items_in_the_cart_and_displayed_in_home_page(cart1.java:68)\r\n\tat ✽.user should view the selected items in the cart and displayed in home page(file:///C:/Users/NP16/eclipse-workspace/SauceDemo/src/test/java/Featurefile/cart.feature:10)\r\n"},"stage":"finished","steps":[],"attachments":[],"parameters":[],"start":1705919559864,"stop":1705919567418},{"name":"And  user should able to click on continue shopping","status":"skipped","statusDetails":{"known":false,"muted":false,"flaky":false},"stage":"finished","steps":[],"attachments":[],"parameters":[],"start":1705919567424,"stop":1705919567429},{"name":"Then  user should navigated to home page","status":"skipped","statusDetails":{"known":false,"muted":false,"flaky":false},"stage":"finished","steps":[],"attachments":[],"parameters":[],"start":1705919567429,"stop":1705919567430}],"attachments":[],"parameters":[],"start":1705919552019,"stop":1705919567447}